Arguments: 
  C:\Program Files\nodejs\node.exe C:\Program Files\nodejs\node_modules\yarn\bin\yarn.js add webpack webpack-cli webpack-dev-server style-loader css-loader sass-loader node-sass pug pug-loader @babel/core @babel/cli @babel/preset-env @babel/polyfill html-webpack-plugin mini-css-extract-plugin postcss-loader image-webpack-loader-D

PATH: 
  C:\Users\Fernando\bin;C:\Program Files\Git\mingw64\bin;C:\Program Files\Git\usr\local\bin;C:\Program Files\Git\usr\bin;C:\Program Files\Git\usr\bin;C:\Program Files\Git\mingw64\bin;C:\Program Files\Git\usr\bin;C:\Users\Fernando\bin;C:\Program Files\Common Files\Oracle\Java\javapath;C:\Program Files (x86)\Common Files\Oracle\Java\javapath;C:\ProgramData\Oracle\Java\javapath;C:\Windows\system32;C:\Windows;C:\Windows\System32\Wbem;C:\Windows\System32\WindowsPowerShell\v1.0;C:\Windows\System32\OpenSSH;C:\Users\Fernando\AppData\Roaming\nvm;C:\Program Files\nodejs;C:\Program Files\dotnet;C:\Program Files\Git\cmd;C:\Program Files\Git\mingw64\bin;C:\Program Files\Git\usr\bin;C:\Users\Fernando\AppData\Local\Programs\Python\Python39\Scripts;C:\Users\Fernando\AppData\Local\Programs\Python\Python39;C:\Users\Fernando\AppData\Local\Microsoft\WindowsApps;C:\Users\Fernando\AppData\Roaming\nvm;C:\Program Files\nodejs;C:\Users\Fernando\AppData\Local\Programs\Microsoft VS Code\bin;C:\Program Files\MongoDB\Server\4.4\bin;C:\Users\Fernando\.dotnet\tools;C:\cmder\Cmder.exe;C:\Program Files\Git\usr\bin\vendor_perl;C:\Program Files\Git\usr\bin\core_perl

Yarn version: 
  1.22.10

Node version: 
  15.14.0

Platform: 
  win32 x64

Trace: 
  Error: https://registry.yarnpkg.com/image-webpack-loader-D: Not found
      at Request.params.callback [as _callback] (C:\Users\Fernando\AppData\Roaming\nvm\v15.14.0\node_modules\yarn\lib\cli.js:66988:18)
      at Request.self.callback (C:\Users\Fernando\AppData\Roaming\nvm\v15.14.0\node_modules\yarn\lib\cli.js:140662:22)
      at Request.emit (node:events:369:20)
      at Request.<anonymous> (C:\Users\Fernando\AppData\Roaming\nvm\v15.14.0\node_modules\yarn\lib\cli.js:141634:10)
      at Request.emit (node:events:369:20)
      at IncomingMessage.<anonymous> (C:\Users\Fernando\AppData\Roaming\nvm\v15.14.0\node_modules\yarn\lib\cli.js:141556:12)
      at Object.onceWrapper (node:events:475:28)
      at IncomingMessage.emit (node:events:381:22)
      at endReadableNT (node:internal/streams/readable:1307:12)
      at processTicksAndRejections (node:internal/process/task_queues:81:21)

npm manifest: 
  {
    "name": "webpack-boilerplate",
    "version": "1.0.0",
    "main": "src/index.js",
    "license": "MIT",
    "author": "Fernando Jose Cuevas Feliz"
  }

yarn manifest: 
  No manifest

Lockfile: 
  No lockfile
